app/build/intermediates/manifest_merge_blame_file/paidRelease/manifest-merger-blame-paid-release-report.txt
1<?xml version="1.0" encoding="utf-8"?>
2<manifest xmlns:android="http://schemas.android.com/apk/res/android"
3    package="com.bignerdranch.android.androidwithkotlin"
4    android:versionCode="1"
5    android:versionName="1.0.paid" >
6
7    <uses-sdk
8        android:minSdkVersion="21"
8-->src\main\AndroidManifest.xml
9        android:targetSdkVersion="30" />
9-->src\main\AndroidManifest.xml
10
11    <!--
12         The ACCESS_COARSE/FINE_LOCATION permissions are not required to use
13         Google Maps Android API v2, but you must specify either coarse or fine
14         location permissions for the "MyLocation" functionality.
15    -->
16    <uses-permission android:name="android.permission.ACCESS_FINE_LOCATION" />
16-->src\main\AndroidManifest.xml:10:5-79
16-->src\main\AndroidManifest.xml:10:22-76
17    <uses-permission android:name="android.permission.INTERNET" />
17-->src\main\AndroidManifest.xml:11:5-67
17-->src\main\AndroidManifest.xml:11:22-64
18    <uses-permission android:name="android.permission.READ_CONTACTS" />
18-->src\main\AndroidManifest.xml:12:5-72
18-->src\main\AndroidManifest.xml:12:22-69
19
20    <!-- Include required permissions for Google Maps API to run. -->
21    <uses-permission android:name="android.permission.ACCESS_NETWORK_STATE" />
21-->[com.google.android.gms:play-services-maps:17.0.0] AndroidManifest.xml:23:5-79
21-->[com.google.android.gms:play-services-maps:17.0.0] AndroidManifest.xml:23:22-76
22
23    <uses-feature
23-->[com.google.android.gms:play-services-maps:17.0.0] AndroidManifest.xml:26:5-28:35
24        android:glEsVersion="0x00020000"
24-->[com.google.android.gms:play-services-maps:17.0.0] AndroidManifest.xml:27:9-41
25        android:required="true" />
25-->[com.google.android.gms:play-services-maps:17.0.0] AndroidManifest.xml:28:9-32
26
27    <uses-permission android:name="android.permission.WAKE_LOCK" /> <!-- Required by older versions of Google Play services to create IID tokens -->
27-->[com.google.firebase:firebase-messaging:22.0.0] AndroidManifest.xml:23:5-68
27-->[com.google.firebase:firebase-messaging:22.0.0] AndroidManifest.xml:23:22-65
28    <uses-permission android:name="com.google.android.c2dm.permission.RECEIVE" />
28-->[com.google.firebase:firebase-messaging:22.0.0] AndroidManifest.xml:25:5-82
28-->[com.google.firebase:firebase-messaging:22.0.0] AndroidManifest.xml:25:22-79
29
30    <application
30-->src\main\AndroidManifest.xml:14:5-50:19
31        android:name="com.bignerdranch.android.androidwithkotlin.framework.App"
31-->src\main\AndroidManifest.xml:15:9-38
32        android:allowBackup="true"
32-->src\main\AndroidManifest.xml:16:9-35
33        android:appComponentFactory="androidx.core.app.CoreComponentFactory"
33-->[androidx.core:core:1.6.0] AndroidManifest.xml:24:18-86
34        android:icon="@mipmap/ic_launcher"
34-->src\main\AndroidManifest.xml:17:9-43
35        android:label="@string/app_name"
35-->src\main\AndroidManifest.xml:18:9-41
36        android:roundIcon="@mipmap/ic_launcher_round"
36-->src\main\AndroidManifest.xml:19:9-54
37        android:supportsRtl="true"
37-->src\main\AndroidManifest.xml:20:9-35
38        android:theme="@style/Theme.AndroidWithKotlin" >
38-->src\main\AndroidManifest.xml:21:9-55
39
40        <!--
41             The API key for Google Maps-based APIs is defined as a string resource.
42             (See the file "res/values/google_maps_api.xml").
43             Note that the API key is linked to the encryption key used to sign the APK.
44             You need a different API key for each encryption key, including the release key that is used to
45             sign the APK for publishing.
46             You can define the keys for the debug and release targets in src/debug/ and src/release/.
47        -->
48        <meta-data
48-->src\main\AndroidManifest.xml:31:9-33:71
49            android:name="com.google.android.geo.API_KEY"
49-->src\main\AndroidManifest.xml:32:13-58
50            android:value="AIzaSyB5cjtsnGphuQA_jOdJ1Z0ZuJ7O-RkjpqA" />
50-->src\main\AndroidManifest.xml:33:13-68
51
52        <activity android:name="com.bignerdranch.android.androidwithkotlin.framework.ui.MainActivity" >
52-->src\main\AndroidManifest.xml:35:9-41:20
52-->src\main\AndroidManifest.xml:35:19-60
53            <intent-filter>
53-->src\main\AndroidManifest.xml:36:13-40:29
54                <action android:name="android.intent.action.MAIN" />
54-->src\main\AndroidManifest.xml:37:17-69
54-->src\main\AndroidManifest.xml:37:25-66
55
56                <category android:name="android.intent.category.LAUNCHER" />
56-->src\main\AndroidManifest.xml:39:17-77
56-->src\main\AndroidManifest.xml:39:27-74
57            </intent-filter>
58        </activity>
59
60        <service
60-->src\main\AndroidManifest.xml:43:9-49:19
61            android:name="com.bignerdranch.android.androidwithkotlin.framework.services.MessagingService"
61-->src\main\AndroidManifest.xml:44:13-64
62            android:exported="true" >
62-->src\main\AndroidManifest.xml:45:13-36
63            <intent-filter>
63-->src\main\AndroidManifest.xml:46:13-48:29
64                <action android:name="com.google.firebase.INSTANCE_ID_EVENT" />
64-->src\main\AndroidManifest.xml:47:17-80
64-->src\main\AndroidManifest.xml:47:25-77
65            </intent-filter>
66        </service>
67        <service
67-->[com.google.firebase:firebase-messaging-ktx:22.0.0] AndroidManifest.xml:26:9-32:19
68            android:name="com.google.firebase.components.ComponentDiscoveryService"
68-->[com.google.firebase:firebase-messaging-ktx:22.0.0] AndroidManifest.xml:27:13-84
69            android:directBootAware="true"
69-->[com.google.firebase:firebase-common:20.0.0] AndroidManifest.xml:35:13-43
70            android:exported="false" >
70-->[com.google.firebase:firebase-messaging-ktx:22.0.0] AndroidManifest.xml:28:13-37
71            <meta-data
71-->[com.google.firebase:firebase-messaging-ktx:22.0.0] AndroidManifest.xml:29:13-31:85
72                android:name="com.google.firebase.components:com.google.firebase.messaging.ktx.FirebaseMessagingKtxRegistrar"
72-->[com.google.firebase:firebase-messaging-ktx:22.0.0] AndroidManifest.xml:30:17-126
73                android:value="com.google.firebase.components.ComponentRegistrar" />
73-->[com.google.firebase:firebase-messaging-ktx:22.0.0] AndroidManifest.xml:31:17-82
74            <meta-data
74-->[com.google.firebase:firebase-common-ktx:20.0.0] AndroidManifest.xml:15:13-17:85
75                android:name="com.google.firebase.components:com.google.firebase.ktx.FirebaseCommonKtxRegistrar"
75-->[com.google.firebase:firebase-common-ktx:20.0.0] AndroidManifest.xml:16:17-113
76                android:value="com.google.firebase.components.ComponentRegistrar" />
76-->[com.google.firebase:firebase-common-ktx:20.0.0] AndroidManifest.xml:17:17-82
77            <meta-data
77-->[com.google.firebase:firebase-messaging:22.0.0] AndroidManifest.xml:52:13-54:85
78                android:name="com.google.firebase.components:com.google.firebase.messaging.FirebaseMessagingRegistrar"
78-->[com.google.firebase:firebase-messaging:22.0.0] AndroidManifest.xml:53:17-119
79                android:value="com.google.firebase.components.ComponentRegistrar" />
79-->[com.google.firebase:firebase-messaging:22.0.0] AndroidManifest.xml:54:17-82
80            <meta-data
80-->[com.google.firebase:firebase-datatransport:18.0.0] AndroidManifest.xml:28:13-30:85
81                android:name="com.google.firebase.components:com.google.firebase.datatransport.TransportRegistrar"
81-->[com.google.firebase:firebase-datatransport:18.0.0] AndroidManifest.xml:29:17-115
82                android:value="com.google.firebase.components.ComponentRegistrar" />
82-->[com.google.firebase:firebase-datatransport:18.0.0] AndroidManifest.xml:30:17-82
83            <meta-data
83-->[com.google.firebase:firebase-installations:17.0.0] AndroidManifest.xml:18:13-20:85
84                android:name="com.google.firebase.components:com.google.firebase.installations.FirebaseInstallationsRegistrar"
84-->[com.google.firebase:firebase-installations:17.0.0] AndroidManifest.xml:19:17-127
85                android:value="com.google.firebase.components.ComponentRegistrar" />
85-->[com.google.firebase:firebase-installations:17.0.0] AndroidManifest.xml:20:17-82
86        </service>
87
88        <provider
88-->[com.squareup.picasso:picasso:2.8] AndroidManifest.xml:8:9-11:40
89            android:name="com.squareup.picasso.PicassoProvider"
89-->[com.squareup.picasso:picasso:2.8] AndroidManifest.xml:9:13-64
90            android:authorities="com.bignerdranch.android.androidwithkotlin.com.squareup.picasso"
90-->[com.squareup.picasso:picasso:2.8] AndroidManifest.xml:10:13-72
91            android:exported="false" /> <!-- Needs to be explicitly declared on P+ -->
91-->[com.squareup.picasso:picasso:2.8] AndroidManifest.xml:11:13-37
92        <uses-library
92-->[com.google.android.gms:play-services-maps:17.0.0] AndroidManifest.xml:33:9-35:40
93            android:name="org.apache.http.legacy"
93-->[com.google.android.gms:play-services-maps:17.0.0] AndroidManifest.xml:34:13-50
94            android:required="false" />
94-->[com.google.android.gms:play-services-maps:17.0.0] AndroidManifest.xml:35:13-37
95
96        <service
96-->[androidx.room:room-runtime:2.3.0] AndroidManifest.xml:25:9-28:40
97            android:name="androidx.room.MultiInstanceInvalidationService"
97-->[androidx.room:room-runtime:2.3.0] AndroidManifest.xml:26:13-74
98            android:directBootAware="true"
98-->[androidx.room:room-runtime:2.3.0] AndroidManifest.xml:27:13-43
99            android:exported="false" />
99-->[androidx.room:room-runtime:2.3.0] AndroidManifest.xml:28:13-37
100
101        <activity
101-->[com.google.android.gms:play-services-base:17.0.0] AndroidManifest.xml:23:9-26:75
102            android:name="com.google.android.gms.common.api.GoogleApiActivity"
102-->[com.google.android.gms:play-services-base:17.0.0] AndroidManifest.xml:24:13-79
103            android:exported="false"
103-->[com.google.android.gms:play-services-base:17.0.0] AndroidManifest.xml:25:13-37
104            android:theme="@android:style/Theme.Translucent.NoTitleBar" />
104-->[com.google.android.gms:play-services-base:17.0.0] AndroidManifest.xml:26:13-72
105
106        <receiver
106-->[com.google.firebase:firebase-messaging:22.0.0] AndroidManifest.xml:28:9-35:20
107            android:name="com.google.firebase.iid.FirebaseInstanceIdReceiver"
107-->[com.google.firebase:firebase-messaging:22.0.0] AndroidManifest.xml:29:13-78
108            android:exported="true"
108-->[com.google.firebase:firebase-messaging:22.0.0] AndroidManifest.xml:30:13-36
109            android:permission="com.google.android.c2dm.permission.SEND" >
109-->[com.google.firebase:firebase-messaging:22.0.0] AndroidManifest.xml:31:13-73
110            <intent-filter>
110-->[com.google.firebase:firebase-messaging:22.0.0] AndroidManifest.xml:32:13-34:29
111                <action android:name="com.google.android.c2dm.intent.RECEIVE" />
111-->[com.google.firebase:firebase-messaging:22.0.0] AndroidManifest.xml:33:17-81
111-->[com.google.firebase:firebase-messaging:22.0.0] AndroidManifest.xml:33:25-78
112            </intent-filter>
113        </receiver>
114        <!--
115             FirebaseMessagingService performs security checks at runtime,
116             but set to not exported to explicitly avoid allowing another app to call it.
117        -->
118        <service
118-->[com.google.firebase:firebase-messaging:22.0.0] AndroidManifest.xml:41:9-48:19
119            android:name="com.google.firebase.messaging.FirebaseMessagingService"
119-->[com.google.firebase:firebase-messaging:22.0.0] AndroidManifest.xml:42:13-82
120            android:directBootAware="true"
120-->[com.google.firebase:firebase-messaging:22.0.0] AndroidManifest.xml:43:13-43
121            android:exported="false" >
121-->[com.google.firebase:firebase-messaging:22.0.0] AndroidManifest.xml:44:13-37
122            <intent-filter android:priority="-500" >
122-->[com.google.firebase:firebase-messaging:22.0.0] AndroidManifest.xml:45:13-47:29
122-->[com.google.firebase:firebase-messaging:22.0.0] AndroidManifest.xml:45:28-51
123                <action android:name="com.google.firebase.MESSAGING_EVENT" />
123-->[com.google.firebase:firebase-messaging:22.0.0] AndroidManifest.xml:46:17-78
123-->[com.google.firebase:firebase-messaging:22.0.0] AndroidManifest.xml:46:25-75
124            </intent-filter>
125        </service>
126
127        <provider
127-->[com.google.firebase:firebase-common:20.0.0] AndroidManifest.xml:26:9-31:39
128            android:name="com.google.firebase.provider.FirebaseInitProvider"
128-->[com.google.firebase:firebase-common:20.0.0] AndroidManifest.xml:27:13-77
129            android:authorities="com.bignerdranch.android.androidwithkotlin.firebaseinitprovider"
129-->[com.google.firebase:firebase-common:20.0.0] AndroidManifest.xml:28:13-72
130            android:directBootAware="true"
130-->[com.google.firebase:firebase-common:20.0.0] AndroidManifest.xml:29:13-43
131            android:exported="false"
131-->[com.google.firebase:firebase-common:20.0.0] AndroidManifest.xml:30:13-37
132            android:initOrder="100" />
132-->[com.google.firebase:firebase-common:20.0.0] AndroidManifest.xml:31:13-36
133
134        <meta-data
134-->[com.google.android.gms:play-services-basement:17.2.1] AndroidManifest.xml:23:9-25:69
135            android:name="com.google.android.gms.version"
135-->[com.google.android.gms:play-services-basement:17.2.1] AndroidManifest.xml:24:13-58
136            android:value="@integer/google_play_services_version" />
136-->[com.google.android.gms:play-services-basement:17.2.1] AndroidManifest.xml:25:13-66
137
138        <service
138-->[com.google.android.datatransport:transport-backend-cct:3.0.0] AndroidManifest.xml:29:9-35:19
139            android:name="com.google.android.datatransport.runtime.backends.TransportBackendDiscovery"
139-->[com.google.android.datatransport:transport-backend-cct:3.0.0] AndroidManifest.xml:30:13-103
140            android:exported="false" >
140-->[com.google.android.datatransport:transport-backend-cct:3.0.0] AndroidManifest.xml:31:13-37
141            <meta-data
141-->[com.google.android.datatransport:transport-backend-cct:3.0.0] AndroidManifest.xml:32:13-34:39
142                android:name="backend:com.google.android.datatransport.cct.CctBackendFactory"
142-->[com.google.android.datatransport:transport-backend-cct:3.0.0] AndroidManifest.xml:33:17-94
143                android:value="cct" />
143-->[com.google.android.datatransport:transport-backend-cct:3.0.0] AndroidManifest.xml:34:17-36
144        </service>
145        <service
145-->[com.google.android.datatransport:transport-runtime:3.0.0] AndroidManifest.xml:26:9-30:19
146            android:name="com.google.android.datatransport.runtime.scheduling.jobscheduling.JobInfoSchedulerService"
146-->[com.google.android.datatransport:transport-runtime:3.0.0] AndroidManifest.xml:27:13-117
147            android:exported="false"
147-->[com.google.android.datatransport:transport-runtime:3.0.0] AndroidManifest.xml:28:13-37
148            android:permission="android.permission.BIND_JOB_SERVICE" >
148-->[com.google.android.datatransport:transport-runtime:3.0.0] AndroidManifest.xml:29:13-69
149        </service>
150
151        <receiver
151-->[com.google.android.datatransport:transport-runtime:3.0.0] AndroidManifest.xml:32:9-34:40
152            android:name="com.google.android.datatransport.runtime.scheduling.jobscheduling.AlarmManagerSchedulerBroadcastReceiver"
152-->[com.google.android.datatransport:transport-runtime:3.0.0] AndroidManifest.xml:33:13-132
153            android:exported="false" />
153-->[com.google.android.datatransport:transport-runtime:3.0.0] AndroidManifest.xml:34:13-37
154    </application>
155
156</manifest>